17:12:05.850 skipping bootstrap configuration: could not find or read file: classpath:karate-config.js
17:12:06.551 request:
1 > GET https://reqres.in/api/users?page=2
1 > Accept-Encoding: gzip,deflate
1 > Connection: Keep-Alive
1 > Host: reqres.in
1 > User-Agent: Apache-HttpClient/4.5.12 (Java/1.8.0_261)

17:12:07.338 response time in milliseconds: 783.95
1 < 200
1 < Access-Control-Allow-Origin: *
1 < Age: 5017
1 < CF-Cache-Status: HIT
1 < CF-RAY: 5c8d495888ea2398-HKG
1 < Cache-Control: max-age=14400
1 < Connection: keep-alive
1 < Content-Type: application/json; charset=utf-8
1 < Date: Wed, 26 Aug 2020 11:41:55 GMT
1 < Etag: W/"4dd-IPv5LdOOb6s5S9E3i59wBCJ1k/0"
1 < Expect-CT: max-age=604800, report-uri="https://report-uri.cloudflare.com/cdn-cgi/beacon/expect-ct"
1 < Server: cloudflare
1 < Set-Cookie: __cfduid=d3485841d93f8587212e034defef4779e1598442115; expires=Fri, 25-Sep-20 11:41:55 GMT; path=/; domain=.reqres.in; HttpOnly; SameSite=Lax; Secure
1 < Transfer-Encoding: chunked
1 < Vary: Accept-Encoding
1 < Via: 1.1 vegur
1 < X-Powered-By: Express
1 < cf-request-id: 04cc2c2b5100002398be122200000001
{"page":2,"per_page":6,"total":12,"total_pages":2,"data":[{"id":7,"email":"michael.lawson@reqres.in","first_name":"Michael","last_name":"Lawson","avatar":"https://s3.amazonaws.com/uifaces/faces/twitter/follettkyle/128.jpg"},{"id":8,"email":"lindsay.ferguson@reqres.in","first_name":"Lindsay","last_name":"Ferguson","avatar":"https://s3.amazonaws.com/uifaces/faces/twitter/araa3185/128.jpg"},{"id":9,"email":"tobias.funke@reqres.in","first_name":"Tobias","last_name":"Funke","avatar":"https://s3.amazonaws.com/uifaces/faces/twitter/vivekprvr/128.jpg"},{"id":10,"email":"byron.fields@reqres.in","first_name":"Byron","last_name":"Fields","avatar":"https://s3.amazonaws.com/uifaces/faces/twitter/russoedu/128.jpg"},{"id":11,"email":"george.edwards@reqres.in","first_name":"George","last_name":"Edwards","avatar":"https://s3.amazonaws.com/uifaces/faces/twitter/mrmoiree/128.jpg"},{"id":12,"email":"rachel.howell@reqres.in","first_name":"Rachel","last_name":"Howell","avatar":"https://s3.amazonaws.com/uifaces/faces/twitter/hebertialmeida/128.jpg"}],"ad":{"company":"StatusCode Weekly","url":"http://statuscode.org/","text":"A weekly newsletter focusing on software development, infrastructure, the server, performance, and the stack end of things."}}

17:12:07.397 request:
2 > GET https://reqres.in/api/users
2 > Accept-Encoding: gzip,deflate
2 > Connection: Keep-Alive
2 > Cookie: __cfduid=d3485841d93f8587212e034defef4779e1598442115
2 > Host: reqres.in
2 > User-Agent: Apache-HttpClient/4.5.12 (Java/1.8.0_261)

17:12:07.823 response time in milliseconds: 419.14
2 < 200
2 < Access-Control-Allow-Origin: *
2 < Age: 7098
2 < CF-Cache-Status: HIT
2 < CF-RAY: 5c8d495bbd65329d-HKG
2 < Cache-Control: max-age=14400
2 < Connection: keep-alive
2 < Content-Type: application/json; charset=utf-8
2 < Date: Wed, 26 Aug 2020 11:41:56 GMT
2 < Etag: W/"4c5-znzuruTKwnH4068T7ikF88YcCME"
2 < Expect-CT: max-age=604800, report-uri="https://report-uri.cloudflare.com/cdn-cgi/beacon/expect-ct"
2 < Server: cloudflare
2 < Transfer-Encoding: chunked
2 < Vary: Accept-Encoding
2 < Via: 1.1 vegur
2 < X-Powered-By: Express
2 < cf-request-id: 04cc2c2d510000329d4429b200000001
{"page":1,"per_page":6,"total":12,"total_pages":2,"data":[{"id":1,"email":"george.bluth@reqres.in","first_name":"George","last_name":"Bluth","avatar":"https://s3.amazonaws.com/uifaces/faces/twitter/calebogden/128.jpg"},{"id":2,"email":"janet.weaver@reqres.in","first_name":"Janet","last_name":"Weaver","avatar":"https://s3.amazonaws.com/uifaces/faces/twitter/josephstein/128.jpg"},{"id":3,"email":"emma.wong@reqres.in","first_name":"Emma","last_name":"Wong","avatar":"https://s3.amazonaws.com/uifaces/faces/twitter/olegpogodaev/128.jpg"},{"id":4,"email":"eve.holt@reqres.in","first_name":"Eve","last_name":"Holt","avatar":"https://s3.amazonaws.com/uifaces/faces/twitter/marcoramires/128.jpg"},{"id":5,"email":"charles.morris@reqres.in","first_name":"Charles","last_name":"Morris","avatar":"https://s3.amazonaws.com/uifaces/faces/twitter/stephenmoon/128.jpg"},{"id":6,"email":"tracey.ramos@reqres.in","first_name":"Tracey","last_name":"Ramos","avatar":"https://s3.amazonaws.com/uifaces/faces/twitter/bigmancho/128.jpg"}],"ad":{"company":"StatusCode Weekly","url":"http://statuscode.org/","text":"A weekly newsletter focusing on software development, infrastructure, the server, performance, and the stack end of things."}}

17:12:07.862 skipping bootstrap configuration: could not find or read file: classpath:karate-config.js
17:12:07.871 request:
1 > PUT https://reqres.in/api/users/3
1 > Accept-Encoding: gzip,deflate
1 > Connection: Keep-Alive
1 > Content-Length: 34
1 > Content-Type: application/json; charset=UTF-8
1 > Host: reqres.in
1 > User-Agent: Apache-HttpClient/4.5.12 (Java/1.8.0_261)
{"name":"Shruti","job":"Engineer"}

17:12:09.102 response time in milliseconds: 1230.40
1 < 200
1 < Access-Control-Allow-Origin: *
1 < CF-Cache-Status: DYNAMIC
1 < CF-RAY: 5c8d495ea8502470-HKG
1 < Connection: keep-alive
1 < Content-Type: application/json; charset=utf-8
1 < Date: Wed, 26 Aug 2020 11:41:57 GMT
1 < Etag: W/"49-lkMw15NQLooVpgzaVtGVALBMdwc"
1 < Expect-CT: max-age=604800, report-uri="https://report-uri.cloudflare.com/cdn-cgi/beacon/expect-ct"
1 < Server: cloudflare
1 < Set-Cookie: __cfduid=da175195a8388635f0ff7ae94799e4c191598442116; expires=Fri, 25-Sep-20 11:41:56 GMT; path=/; domain=.reqres.in; HttpOnly; SameSite=Lax; Secure
1 < Transfer-Encoding: chunked
1 < Vary: Accept-Encoding
1 < Via: 1.1 vegur
1 < X-Powered-By: Express
1 < cf-request-id: 04cc2c2f28000024705d882200000001
{"name":"Shruti","job":"Engineer","updatedAt":"2020-08-26T11:41:57.277Z"}

17:12:09.108 [print] Updated at 2020-08-26T11:41:57.277Z
17:12:09.113 skipping bootstrap configuration: could not find or read file: classpath:karate-config.js
17:12:09.116 request:
1 > PUT https://reqres.in/api/users/9
1 > Accept-Encoding: gzip,deflate
1 > Connection: Keep-Alive
1 > Content-Length: 34
1 > Content-Type: application/json; charset=UTF-8
1 > Host: reqres.in
1 > User-Agent: Apache-HttpClient/4.5.12 (Java/1.8.0_261)
{"name":"Shruti","job":"Engineer"}

17:12:09.971 response time in milliseconds: 852.26
1 < 200
1 < Access-Control-Allow-Origin: *
1 < CF-Cache-Status: DYNAMIC
1 < CF-RAY: 5c8d49663b1fd1a3-HKG
1 < Connection: keep-alive
1 < Content-Type: application/json; charset=utf-8
1 < Date: Wed, 26 Aug 2020 11:41:58 GMT
1 < Etag: W/"49-PrN1vEZJpsud26N1SmvAmIgSErY"
1 < Expect-CT: max-age=604800, report-uri="https://report-uri.cloudflare.com/cdn-cgi/beacon/expect-ct"
1 < Server: cloudflare
1 < Set-Cookie: __cfduid=dba5d2e12d4086fcd7affc8d0c43bd9dc1598442118; expires=Fri, 25-Sep-20 11:41:58 GMT; path=/; domain=.reqres.in; HttpOnly; SameSite=Lax; Secure
1 < Transfer-Encoding: chunked
1 < Vary: Accept-Encoding
1 < Via: 1.1 vegur
1 < X-Powered-By: Express
1 < cf-request-id: 04cc2c33e40000d1a35b200200000001
{"name":"Shruti","job":"Engineer","updatedAt":"2020-08-26T11:41:58.483Z"}

17:12:09.973 [print] Updated at 2020-08-26T11:41:58.483Z
17:12:09.981 skipping bootstrap configuration: could not find or read file: classpath:karate-config.js
17:12:09.984 request:
1 > POST https://reqres.in/api/users
1 > Accept-Encoding: gzip,deflate
1 > Connection: Keep-Alive
1 > Content-Length: 43
1 > Content-Type: application/json; charset=UTF-8
1 > Host: reqres.in
1 > User-Agent: Apache-HttpClient/4.5.12 (Java/1.8.0_261)
{"name":"Shruti","job":"Software Engineer"}

17:12:10.840 response time in milliseconds: 856.32
1 < 201
1 < Access-Control-Allow-Origin: *
1 < CF-Cache-Status: DYNAMIC
1 < CF-RAY: 5c8d496bac2f0bc6-HKG
1 < Connection: keep-alive
1 < Content-Length: 93
1 < Content-Type: application/json; charset=utf-8
1 < Date: Wed, 26 Aug 2020 11:41:59 GMT
1 < Etag: W/"5d-blCPhC338zO1rufdYWb8c0vbur8"
1 < Expect-CT: max-age=604800, report-uri="https://report-uri.cloudflare.com/cdn-cgi/beacon/expect-ct"
1 < Server: cloudflare
1 < Set-Cookie: __cfduid=d0e642fdf07ca3e4397bf7d0a4a98bedd1598442118; expires=Fri, 25-Sep-20 11:41:58 GMT; path=/; domain=.reqres.in; HttpOnly; SameSite=Lax; Secure
1 < Via: 1.1 vegur
1 < X-Powered-By: Express
1 < cf-request-id: 04cc2c374d00000bc616818200000001
{"name":"Shruti","job":"Software Engineer","id":"258","createdAt":"2020-08-26T11:41:59.360Z"}

17:12:10.844 [print] Created at 2020-08-26T11:41:59.360Z
17:12:10.847 [print] id of new user is 258
17:12:10.853 skipping bootstrap configuration: could not find or read file: classpath:karate-config.js
17:12:10.854 request:
1 > POST https://reqres.in/api/users
1 > Accept-Encoding: gzip,deflate
1 > Connection: Keep-Alive
1 > Content-Length: 33
1 > Content-Type: application/json; charset=UTF-8
1 > Host: reqres.in
1 > User-Agent: Apache-HttpClient/4.5.12 (Java/1.8.0_261)
{"name":"Shreya","job":"Student"}

17:12:11.728 response time in milliseconds: 870.40
1 < 201
1 < Access-Control-Allow-Origin: *
1 < CF-Cache-Status: DYNAMIC
1 < CF-RAY: 5c8d49712f130bdb-HKG
1 < Connection: keep-alive
1 < Content-Length: 83
1 < Content-Type: application/json; charset=utf-8
1 < Date: Wed, 26 Aug 2020 11:42:00 GMT
1 < Etag: W/"53-QPdYiOLCnvxy29wPH3aXf7D51fk"
1 < Expect-CT: max-age=604800, report-uri="https://report-uri.cloudflare.com/cdn-cgi/beacon/expect-ct"
1 < Server: cloudflare
1 < Set-Cookie: __cfduid=d11c0e9dd5c379ac61d1fb483c5e2befa1598442119; expires=Fri, 25-Sep-20 11:41:59 GMT; path=/; domain=.reqres.in; HttpOnly; SameSite=Lax; Secure
1 < Via: 1.1 vegur
1 < X-Powered-By: Express
1 < cf-request-id: 04cc2c3ab900000bdb0b2d5200000001
{"name":"Shreya","job":"Student","id":"575","createdAt":"2020-08-26T11:42:00.235Z"}

17:12:11.736 [print] Created at 2020-08-26T11:42:00.235Z
17:12:11.739 [print] id of new user is 575
17:12:11.757 skipping bootstrap configuration: could not find or read file: classpath:karate-config.js
17:12:11.762 request:
1 > DELETE https://reqres.in/api/users4
1 > Accept-Encoding: gzip,deflate
1 > Connection: Keep-Alive
1 > Host: reqres.in
1 > User-Agent: Apache-HttpClient/4.5.12 (Java/1.8.0_261)

17:12:12.646 response time in milliseconds: 883.53
1 < 204
1 < Access-Control-Allow-Origin: *
1 < CF-Cache-Status: DYNAMIC
1 < CF-RAY: 5c8d4976fb162254-HKG
1 < Connection: keep-alive
1 < Content-Length: 0
1 < Date: Wed, 26 Aug 2020 11:42:01 GMT
1 < Etag: W/"2-vyGp6PvFo4RvsFtPoIWeCReyIC8"
1 < Expect-CT: max-age=604800, report-uri="https://report-uri.cloudflare.com/cdn-cgi/beacon/expect-ct"
1 < Server: cloudflare
1 < Set-Cookie: __cfduid=dd7d7f4c3dd078215a09cd1fe41b06b4c1598442120; expires=Fri, 25-Sep-20 11:42:00 GMT; path=/; domain=.reqres.in; HttpOnly; SameSite=Lax; Secure
1 < Via: 1.1 vegur
1 < X-Powered-By: Express
1 < cf-request-id: 04cc2c3e5b0000225412a40200000001

17:12:12.654 skipping bootstrap configuration: could not find or read file: classpath:karate-config.js
17:12:12.659 request:
1 > DELETE https://reqres.in/api/users10
1 > Accept-Encoding: gzip,deflate
1 > Connection: Keep-Alive
1 > Host: reqres.in
1 > User-Agent: Apache-HttpClient/4.5.12 (Java/1.8.0_261)

17:12:14.123 response time in milliseconds: 1464.51
1 < 204
1 < Access-Control-Allow-Origin: *
1 < CF-Cache-Status: DYNAMIC
1 < CF-RAY: 5c8d497c6ea924ad-HKG
1 < Connection: keep-alive
1 < Content-Length: 0
1 < Date: Wed, 26 Aug 2020 11:42:02 GMT
1 < Etag: W/"2-vyGp6PvFo4RvsFtPoIWeCReyIC8"
1 < Expect-CT: max-age=604800, report-uri="https://report-uri.cloudflare.com/cdn-cgi/beacon/expect-ct"
1 < Server: cloudflare
1 < Set-Cookie: __cfduid=d73e3bc05117a9a5a9675adc8a6e403eb1598442121; expires=Fri, 25-Sep-20 11:42:01 GMT; path=/; domain=.reqres.in; HttpOnly; SameSite=Lax; Secure
1 < Via: 1.1 vegur
1 < X-Powered-By: Express
1 < cf-request-id: 04cc2c41bd000024ad80ba8200000001

17:12:14.132 skipping bootstrap configuration: could not find or read file: classpath:karate-config.js
17:12:14.133 request:
1 > GET https://reqres.in/api/users
1 > Accept-Encoding: gzip,deflate
1 > Connection: Keep-Alive
1 > Host: reqres.in
1 > User-Agent: Apache-HttpClient/4.5.12 (Java/1.8.0_261)

17:12:14.518 response time in milliseconds: 380.36
1 < 200
1 < Access-Control-Allow-Origin: *
1 < Age: 7105
1 < CF-Cache-Status: HIT
1 < CF-RAY: 5c8d4985a8a02428-HKG
1 < Cache-Control: max-age=14400
1 < Connection: keep-alive
1 < Content-Type: application/json; charset=utf-8
1 < Date: Wed, 26 Aug 2020 11:42:03 GMT
1 < Etag: W/"4c5-znzuruTKwnH4068T7ikF88YcCME"
1 < Expect-CT: max-age=604800, report-uri="https://report-uri.cloudflare.com/cdn-cgi/beacon/expect-ct"
1 < Server: cloudflare
1 < Set-Cookie: __cfduid=dafc4a7820a7a696b0be88ddf40222c6a1598442123; expires=Fri, 25-Sep-20 11:42:03 GMT; path=/; domain=.reqres.in; HttpOnly; SameSite=Lax; Secure
1 < Transfer-Encoding: chunked
1 < Vary: Accept-Encoding
1 < Via: 1.1 vegur
1 < X-Powered-By: Express
1 < cf-request-id: 04cc2c4788000024288186c200000001
{"page":1,"per_page":6,"total":12,"total_pages":2,"data":[{"id":1,"email":"george.bluth@reqres.in","first_name":"George","last_name":"Bluth","avatar":"https://s3.amazonaws.com/uifaces/faces/twitter/calebogden/128.jpg"},{"id":2,"email":"janet.weaver@reqres.in","first_name":"Janet","last_name":"Weaver","avatar":"https://s3.amazonaws.com/uifaces/faces/twitter/josephstein/128.jpg"},{"id":3,"email":"emma.wong@reqres.in","first_name":"Emma","last_name":"Wong","avatar":"https://s3.amazonaws.com/uifaces/faces/twitter/olegpogodaev/128.jpg"},{"id":4,"email":"eve.holt@reqres.in","first_name":"Eve","last_name":"Holt","avatar":"https://s3.amazonaws.com/uifaces/faces/twitter/marcoramires/128.jpg"},{"id":5,"email":"charles.morris@reqres.in","first_name":"Charles","last_name":"Morris","avatar":"https://s3.amazonaws.com/uifaces/faces/twitter/stephenmoon/128.jpg"},{"id":6,"email":"tracey.ramos@reqres.in","first_name":"Tracey","last_name":"Ramos","avatar":"https://s3.amazonaws.com/uifaces/faces/twitter/bigmancho/128.jpg"}],"ad":{"company":"StatusCode Weekly","url":"http://statuscode.org/","text":"A weekly newsletter focusing on software development, infrastructure, the server, performance, and the stack end of things."}}

17:12:14.562 [print] 4 eve.holt@reqres.in Holt https://s3.amazonaws.com/uifaces/faces/twitter/marcoramires/128.jpg
17:12:14.563 request:
2 > GET https://reqres.in/api/users?page=2
2 > Accept-Encoding: gzip,deflate
2 > Connection: Keep-Alive
2 > Cookie: __cfduid=dafc4a7820a7a696b0be88ddf40222c6a1598442123
2 > Host: reqres.in
2 > User-Agent: Apache-HttpClient/4.5.12 (Java/1.8.0_261)

17:12:14.921 response time in milliseconds: 355.84
2 < 200
2 < Access-Control-Allow-Origin: *
2 < Age: 5025
2 < CF-Cache-Status: HIT
2 < CF-RAY: 5c8d49883d9a1943-HKG
2 < Cache-Control: max-age=14400
2 < Connection: keep-alive
2 < Content-Type: application/json; charset=utf-8
2 < Date: Wed, 26 Aug 2020 11:42:03 GMT
2 < Etag: W/"4dd-IPv5LdOOb6s5S9E3i59wBCJ1k/0"
2 < Expect-CT: max-age=604800, report-uri="https://report-uri.cloudflare.com/cdn-cgi/beacon/expect-ct"
2 < Server: cloudflare
2 < Transfer-Encoding: chunked
2 < Vary: Accept-Encoding
2 < Via: 1.1 vegur
2 < X-Powered-By: Express
2 < cf-request-id: 04cc2c492200001943ef16d200000001
{"page":2,"per_page":6,"total":12,"total_pages":2,"data":[{"id":7,"email":"michael.lawson@reqres.in","first_name":"Michael","last_name":"Lawson","avatar":"https://s3.amazonaws.com/uifaces/faces/twitter/follettkyle/128.jpg"},{"id":8,"email":"lindsay.ferguson@reqres.in","first_name":"Lindsay","last_name":"Ferguson","avatar":"https://s3.amazonaws.com/uifaces/faces/twitter/araa3185/128.jpg"},{"id":9,"email":"tobias.funke@reqres.in","first_name":"Tobias","last_name":"Funke","avatar":"https://s3.amazonaws.com/uifaces/faces/twitter/vivekprvr/128.jpg"},{"id":10,"email":"byron.fields@reqres.in","first_name":"Byron","last_name":"Fields","avatar":"https://s3.amazonaws.com/uifaces/faces/twitter/russoedu/128.jpg"},{"id":11,"email":"george.edwards@reqres.in","first_name":"George","last_name":"Edwards","avatar":"https://s3.amazonaws.com/uifaces/faces/twitter/mrmoiree/128.jpg"},{"id":12,"email":"rachel.howell@reqres.in","first_name":"Rachel","last_name":"Howell","avatar":"https://s3.amazonaws.com/uifaces/faces/twitter/hebertialmeida/128.jpg"}],"ad":{"company":"StatusCode Weekly","url":"http://statuscode.org/","text":"A weekly newsletter focusing on software development, infrastructure, the server, performance, and the stack end of things."}}

17:12:14.938 [print] 7 michael.lawson@reqres.in Lawson https://s3.amazonaws.com/uifaces/faces/twitter/follettkyle/128.jpg
17:12:14.948 skipping bootstrap configuration: could not find or read file: classpath:karate-config.js
17:12:14.949 request:
1 > GET https://reqres.in/api/users
1 > Accept-Encoding: gzip,deflate
1 > Connection: Keep-Alive
1 > Host: reqres.in
1 > User-Agent: Apache-HttpClient/4.5.12 (Java/1.8.0_261)

17:12:15.305 response time in milliseconds: 352.83
1 < 200
1 < Access-Control-Allow-Origin: *
1 < Age: 7105
1 < CF-Cache-Status: HIT
1 < CF-RAY: 5c8d498a9befa306-HKG
1 < Cache-Control: max-age=14400
1 < Connection: keep-alive
1 < Content-Type: application/json; charset=utf-8
1 < Date: Wed, 26 Aug 2020 11:42:03 GMT
1 < Etag: W/"4c5-znzuruTKwnH4068T7ikF88YcCME"
1 < Expect-CT: max-age=604800, report-uri="https://report-uri.cloudflare.com/cdn-cgi/beacon/expect-ct"
1 < Server: cloudflare
1 < Set-Cookie: __cfduid=d53b3d397608c938e70da10297ceffead1598442123; expires=Fri, 25-Sep-20 11:42:03 GMT; path=/; domain=.reqres.in; HttpOnly; SameSite=Lax; Secure
1 < Transfer-Encoding: chunked
1 < Vary: Accept-Encoding
1 < Via: 1.1 vegur
1 < X-Powered-By: Express
1 < cf-request-id: 04cc2c4aa20000a30605b15200000001
{"page":1,"per_page":6,"total":12,"total_pages":2,"data":[{"id":1,"email":"george.bluth@reqres.in","first_name":"George","last_name":"Bluth","avatar":"https://s3.amazonaws.com/uifaces/faces/twitter/calebogden/128.jpg"},{"id":2,"email":"janet.weaver@reqres.in","first_name":"Janet","last_name":"Weaver","avatar":"https://s3.amazonaws.com/uifaces/faces/twitter/josephstein/128.jpg"},{"id":3,"email":"emma.wong@reqres.in","first_name":"Emma","last_name":"Wong","avatar":"https://s3.amazonaws.com/uifaces/faces/twitter/olegpogodaev/128.jpg"},{"id":4,"email":"eve.holt@reqres.in","first_name":"Eve","last_name":"Holt","avatar":"https://s3.amazonaws.com/uifaces/faces/twitter/marcoramires/128.jpg"},{"id":5,"email":"charles.morris@reqres.in","first_name":"Charles","last_name":"Morris","avatar":"https://s3.amazonaws.com/uifaces/faces/twitter/stephenmoon/128.jpg"},{"id":6,"email":"tracey.ramos@reqres.in","first_name":"Tracey","last_name":"Ramos","avatar":"https://s3.amazonaws.com/uifaces/faces/twitter/bigmancho/128.jpg"}],"ad":{"company":"StatusCode Weekly","url":"http://statuscode.org/","text":"A weekly newsletter focusing on software development, infrastructure, the server, performance, and the stack end of things."}}

17:12:15.324 [print] 6 tracey.ramos@reqres.in Ramos https://s3.amazonaws.com/uifaces/faces/twitter/bigmancho/128.jpg
17:12:15.327 request:
2 > GET https://reqres.in/api/users?page=2
2 > Accept-Encoding: gzip,deflate
2 > Connection: Keep-Alive
2 > Cookie: __cfduid=d53b3d397608c938e70da10297ceffead1598442123
2 > Host: reqres.in
2 > User-Agent: Apache-HttpClient/4.5.12 (Java/1.8.0_261)

17:12:15.669 response time in milliseconds: 341.87
2 < 200
2 < Access-Control-Allow-Origin: *
2 < Age: 5026
2 < CF-Cache-Status: HIT
2 < CF-RAY: 5c8d498ceba921e5-HKG
2 < Cache-Control: max-age=14400
2 < Connection: keep-alive
2 < Content-Type: application/json; charset=utf-8
2 < Date: Wed, 26 Aug 2020 11:42:04 GMT
2 < Etag: W/"4dd-IPv5LdOOb6s5S9E3i59wBCJ1k/0"
2 < Expect-CT: max-age=604800, report-uri="https://report-uri.cloudflare.com/cdn-cgi/beacon/expect-ct"
2 < Server: cloudflare
2 < Transfer-Encoding: chunked
2 < Vary: Accept-Encoding
2 < Via: 1.1 vegur
2 < X-Powered-By: Express
2 < cf-request-id: 04cc2c4c14000021e5ec848200000001
{"page":2,"per_page":6,"total":12,"total_pages":2,"data":[{"id":7,"email":"michael.lawson@reqres.in","first_name":"Michael","last_name":"Lawson","avatar":"https://s3.amazonaws.com/uifaces/faces/twitter/follettkyle/128.jpg"},{"id":8,"email":"lindsay.ferguson@reqres.in","first_name":"Lindsay","last_name":"Ferguson","avatar":"https://s3.amazonaws.com/uifaces/faces/twitter/araa3185/128.jpg"},{"id":9,"email":"tobias.funke@reqres.in","first_name":"Tobias","last_name":"Funke","avatar":"https://s3.amazonaws.com/uifaces/faces/twitter/vivekprvr/128.jpg"},{"id":10,"email":"byron.fields@reqres.in","first_name":"Byron","last_name":"Fields","avatar":"https://s3.amazonaws.com/uifaces/faces/twitter/russoedu/128.jpg"},{"id":11,"email":"george.edwards@reqres.in","first_name":"George","last_name":"Edwards","avatar":"https://s3.amazonaws.com/uifaces/faces/twitter/mrmoiree/128.jpg"},{"id":12,"email":"rachel.howell@reqres.in","first_name":"Rachel","last_name":"Howell","avatar":"https://s3.amazonaws.com/uifaces/faces/twitter/hebertialmeida/128.jpg"}],"ad":{"company":"StatusCode Weekly","url":"http://statuscode.org/","text":"A weekly newsletter focusing on software development, infrastructure, the server, performance, and the stack end of things."}}

17:12:15.677 [print] 9 tobias.funke@reqres.in Funke https://s3.amazonaws.com/uifaces/faces/twitter/vivekprvr/128.jpg
17:12:15.684 skipping bootstrap configuration: could not find or read file: classpath:karate-config.js
17:12:15.686 request:
1 > GET https://reqres.in/api/users
1 > Accept-Encoding: gzip,deflate
1 > Connection: Keep-Alive
1 > Host: reqres.in
1 > User-Agent: Apache-HttpClient/4.5.12 (Java/1.8.0_261)

17:12:16.046 response time in milliseconds: 359.07
1 < 200
1 < Access-Control-Allow-Origin: *
1 < Age: 7106
1 < CF-Cache-Status: HIT
1 < CF-RAY: 5c8d498f4a3b227b-HKG
1 < Cache-Control: max-age=14400
1 < Connection: keep-alive
1 < Content-Type: application/json; charset=utf-8
1 < Date: Wed, 26 Aug 2020 11:42:04 GMT
1 < Etag: W/"4c5-znzuruTKwnH4068T7ikF88YcCME"
1 < Expect-CT: max-age=604800, report-uri="https://report-uri.cloudflare.com/cdn-cgi/beacon/expect-ct"
1 < Server: cloudflare
1 < Set-Cookie: __cfduid=d3c6135d7cf014bca1472384cb4879cef1598442124; expires=Fri, 25-Sep-20 11:42:04 GMT; path=/; domain=.reqres.in; HttpOnly; SameSite=Lax; Secure
1 < Transfer-Encoding: chunked
1 < Vary: Accept-Encoding
1 < Via: 1.1 vegur
1 < X-Powered-By: Express
1 < cf-request-id: 04cc2c4d8b0000227bc1238200000001
{"page":1,"per_page":6,"total":12,"total_pages":2,"data":[{"id":1,"email":"george.bluth@reqres.in","first_name":"George","last_name":"Bluth","avatar":"https://s3.amazonaws.com/uifaces/faces/twitter/calebogden/128.jpg"},{"id":2,"email":"janet.weaver@reqres.in","first_name":"Janet","last_name":"Weaver","avatar":"https://s3.amazonaws.com/uifaces/faces/twitter/josephstein/128.jpg"},{"id":3,"email":"emma.wong@reqres.in","first_name":"Emma","last_name":"Wong","avatar":"https://s3.amazonaws.com/uifaces/faces/twitter/olegpogodaev/128.jpg"},{"id":4,"email":"eve.holt@reqres.in","first_name":"Eve","last_name":"Holt","avatar":"https://s3.amazonaws.com/uifaces/faces/twitter/marcoramires/128.jpg"},{"id":5,"email":"charles.morris@reqres.in","first_name":"Charles","last_name":"Morris","avatar":"https://s3.amazonaws.com/uifaces/faces/twitter/stephenmoon/128.jpg"},{"id":6,"email":"tracey.ramos@reqres.in","first_name":"Tracey","last_name":"Ramos","avatar":"https://s3.amazonaws.com/uifaces/faces/twitter/bigmancho/128.jpg"}],"ad":{"company":"StatusCode Weekly","url":"http://statuscode.org/","text":"A weekly newsletter focusing on software development, infrastructure, the server, performance, and the stack end of things."}}

17:12:16.049 request:
2 > GET https://reqres.in/api/users?page=2
2 > Accept-Encoding: gzip,deflate
2 > Connection: Keep-Alive
2 > Cookie: __cfduid=d3c6135d7cf014bca1472384cb4879cef1598442124
2 > Host: reqres.in
2 > User-Agent: Apache-HttpClient/4.5.12 (Java/1.8.0_261)

17:12:16.421 response time in milliseconds: 369.02
2 < 200
2 < Access-Control-Allow-Origin: *
2 < Age: 5027
2 < CF-Cache-Status: HIT
2 < CF-RAY: 5c8d49919b2321a6-HKG
2 < Cache-Control: max-age=14400
2 < Connection: keep-alive
2 < Content-Type: application/json; charset=utf-8
2 < Date: Wed, 26 Aug 2020 11:42:05 GMT
2 < Etag: W/"4dd-IPv5LdOOb6s5S9E3i59wBCJ1k/0"
2 < Expect-CT: max-age=604800, report-uri="https://report-uri.cloudflare.com/cdn-cgi/beacon/expect-ct"
2 < Server: cloudflare
2 < Transfer-Encoding: chunked
2 < Vary: Accept-Encoding
2 < Via: 1.1 vegur
2 < X-Powered-By: Express
2 < cf-request-id: 04cc2c4eff000021a654a1b200000001
{"page":2,"per_page":6,"total":12,"total_pages":2,"data":[{"id":7,"email":"michael.lawson@reqres.in","first_name":"Michael","last_name":"Lawson","avatar":"https://s3.amazonaws.com/uifaces/faces/twitter/follettkyle/128.jpg"},{"id":8,"email":"lindsay.ferguson@reqres.in","first_name":"Lindsay","last_name":"Ferguson","avatar":"https://s3.amazonaws.com/uifaces/faces/twitter/araa3185/128.jpg"},{"id":9,"email":"tobias.funke@reqres.in","first_name":"Tobias","last_name":"Funke","avatar":"https://s3.amazonaws.com/uifaces/faces/twitter/vivekprvr/128.jpg"},{"id":10,"email":"byron.fields@reqres.in","first_name":"Byron","last_name":"Fields","avatar":"https://s3.amazonaws.com/uifaces/faces/twitter/russoedu/128.jpg"},{"id":11,"email":"george.edwards@reqres.in","first_name":"George","last_name":"Edwards","avatar":"https://s3.amazonaws.com/uifaces/faces/twitter/mrmoiree/128.jpg"},{"id":12,"email":"rachel.howell@reqres.in","first_name":"Rachel","last_name":"Howell","avatar":"https://s3.amazonaws.com/uifaces/faces/twitter/hebertialmeida/128.jpg"}],"ad":{"company":"StatusCode Weekly","url":"http://statuscode.org/","text":"A weekly newsletter focusing on software development, infrastructure, the server, performance, and the stack end of things."}}

17:12:16.474 [print] {"last_name":"Holt","id":4,"avatar":"https:\/\/s3.amazonaws.com\/uifaces\/faces\/twitter\/marcoramires\/128.jpg","first_name":"Eve","email":"eve.holt@reqres.in"} undefined
17:12:16.478 skipping bootstrap configuration: could not find or read file: classpath:karate-config.js
17:12:16.479 request:
1 > GET https://reqres.in/api/users
1 > Accept-Encoding: gzip,deflate
1 > Connection: Keep-Alive
1 > Host: reqres.in
1 > User-Agent: Apache-HttpClient/4.5.12 (Java/1.8.0_261)

17:12:16.836 response time in milliseconds: 355.98
1 < 200
1 < Access-Control-Allow-Origin: *
1 < Age: 7107
1 < CF-Cache-Status: HIT
1 < CF-RAY: 5c8d499429372410-HKG
1 < Cache-Control: max-age=14400
1 < Connection: keep-alive
1 < Content-Type: application/json; charset=utf-8
1 < Date: Wed, 26 Aug 2020 11:42:05 GMT
1 < Etag: W/"4c5-znzuruTKwnH4068T7ikF88YcCME"
1 < Expect-CT: max-age=604800, report-uri="https://report-uri.cloudflare.com/cdn-cgi/beacon/expect-ct"
1 < Server: cloudflare
1 < Set-Cookie: __cfduid=d25c5f2028966e6b512f5bedb3dcb71271598442125; expires=Fri, 25-Sep-20 11:42:05 GMT; path=/; domain=.reqres.in; HttpOnly; SameSite=Lax; Secure
1 < Transfer-Encoding: chunked
1 < Vary: Accept-Encoding
1 < Via: 1.1 vegur
1 < X-Powered-By: Express
1 < cf-request-id: 04cc2c509800002410cb8da200000001
{"page":1,"per_page":6,"total":12,"total_pages":2,"data":[{"id":1,"email":"george.bluth@reqres.in","first_name":"George","last_name":"Bluth","avatar":"https://s3.amazonaws.com/uifaces/faces/twitter/calebogden/128.jpg"},{"id":2,"email":"janet.weaver@reqres.in","first_name":"Janet","last_name":"Weaver","avatar":"https://s3.amazonaws.com/uifaces/faces/twitter/josephstein/128.jpg"},{"id":3,"email":"emma.wong@reqres.in","first_name":"Emma","last_name":"Wong","avatar":"https://s3.amazonaws.com/uifaces/faces/twitter/olegpogodaev/128.jpg"},{"id":4,"email":"eve.holt@reqres.in","first_name":"Eve","last_name":"Holt","avatar":"https://s3.amazonaws.com/uifaces/faces/twitter/marcoramires/128.jpg"},{"id":5,"email":"charles.morris@reqres.in","first_name":"Charles","last_name":"Morris","avatar":"https://s3.amazonaws.com/uifaces/faces/twitter/stephenmoon/128.jpg"},{"id":6,"email":"tracey.ramos@reqres.in","first_name":"Tracey","last_name":"Ramos","avatar":"https://s3.amazonaws.com/uifaces/faces/twitter/bigmancho/128.jpg"}],"ad":{"company":"StatusCode Weekly","url":"http://statuscode.org/","text":"A weekly newsletter focusing on software development, infrastructure, the server, performance, and the stack end of things."}}

17:12:16.838 request:
2 > GET https://reqres.in/api/users?page=2
2 > Accept-Encoding: gzip,deflate
2 > Connection: Keep-Alive
2 > Cookie: __cfduid=d25c5f2028966e6b512f5bedb3dcb71271598442125
2 > Host: reqres.in
2 > User-Agent: Apache-HttpClient/4.5.12 (Java/1.8.0_261)

17:12:17.206 response time in milliseconds: 365.88
2 < 200
2 < Access-Control-Allow-Origin: *
2 < Age: 5027
2 < CF-Cache-Status: HIT
2 < CF-RAY: 5c8d49967c43d1b3-HKG
2 < Cache-Control: max-age=14400
2 < Connection: keep-alive
2 < Content-Type: application/json; charset=utf-8
2 < Date: Wed, 26 Aug 2020 11:42:05 GMT
2 < Etag: W/"4dd-IPv5LdOOb6s5S9E3i59wBCJ1k/0"
2 < Expect-CT: max-age=604800, report-uri="https://report-uri.cloudflare.com/cdn-cgi/beacon/expect-ct"
2 < Server: cloudflare
2 < Transfer-Encoding: chunked
2 < Vary: Accept-Encoding
2 < Via: 1.1 vegur
2 < X-Powered-By: Express
2 < cf-request-id: 04cc2c520c0000d1b3d38b8200000001
{"page":2,"per_page":6,"total":12,"total_pages":2,"data":[{"id":7,"email":"michael.lawson@reqres.in","first_name":"Michael","last_name":"Lawson","avatar":"https://s3.amazonaws.com/uifaces/faces/twitter/follettkyle/128.jpg"},{"id":8,"email":"lindsay.ferguson@reqres.in","first_name":"Lindsay","last_name":"Ferguson","avatar":"https://s3.amazonaws.com/uifaces/faces/twitter/araa3185/128.jpg"},{"id":9,"email":"tobias.funke@reqres.in","first_name":"Tobias","last_name":"Funke","avatar":"https://s3.amazonaws.com/uifaces/faces/twitter/vivekprvr/128.jpg"},{"id":10,"email":"byron.fields@reqres.in","first_name":"Byron","last_name":"Fields","avatar":"https://s3.amazonaws.com/uifaces/faces/twitter/russoedu/128.jpg"},{"id":11,"email":"george.edwards@reqres.in","first_name":"George","last_name":"Edwards","avatar":"https://s3.amazonaws.com/uifaces/faces/twitter/mrmoiree/128.jpg"},{"id":12,"email":"rachel.howell@reqres.in","first_name":"Rachel","last_name":"Howell","avatar":"https://s3.amazonaws.com/uifaces/faces/twitter/hebertialmeida/128.jpg"}],"ad":{"company":"StatusCode Weekly","url":"http://statuscode.org/","text":"A weekly newsletter focusing on software development, infrastructure, the server, performance, and the stack end of things."}}

17:12:17.226 [print] undefined {"last_name":"Lawson","id":7,"avatar":"https:\/\/s3.amazonaws.com\/uifaces\/faces\/twitter\/follettkyle\/128.jpg","first_name":"Michael","email":"michael.lawson@reqres.in"}
17:12:17.232 skipping bootstrap configuration: could not find or read file: classpath:karate-config.js
17:12:17.233 request:
1 > GET https://reqres.in/api/users
1 > Accept-Encoding: gzip,deflate
1 > Connection: Keep-Alive
1 > Host: reqres.in
1 > User-Agent: Apache-HttpClient/4.5.12 (Java/1.8.0_261)

17:12:17.714 response time in milliseconds: 480.42
1 < 200
1 < Access-Control-Allow-Origin: *
1 < Age: 7108
1 < CF-Cache-Status: HIT
1 < CF-RAY: 5c8d4999bcccd1b7-HKG
1 < Cache-Control: max-age=14400
1 < Connection: keep-alive
1 < Content-Type: application/json; charset=utf-8
1 < Date: Wed, 26 Aug 2020 11:42:06 GMT
1 < Etag: W/"4c5-znzuruTKwnH4068T7ikF88YcCME"
1 < Expect-CT: max-age=604800, report-uri="https://report-uri.cloudflare.com/cdn-cgi/beacon/expect-ct"
1 < Server: cloudflare
1 < Set-Cookie: __cfduid=daf9d199e4bc416361cb999951ca0a2701598442126; expires=Fri, 25-Sep-20 11:42:06 GMT; path=/; domain=.reqres.in; HttpOnly; SameSite=Lax; Secure
1 < Transfer-Encoding: chunked
1 < Vary: Accept-Encoding
1 < Via: 1.1 vegur
1 < X-Powered-By: Express
1 < cf-request-id: 04cc2c54120000d1b76e371200000001
{"page":1,"per_page":6,"total":12,"total_pages":2,"data":[{"id":1,"email":"george.bluth@reqres.in","first_name":"George","last_name":"Bluth","avatar":"https://s3.amazonaws.com/uifaces/faces/twitter/calebogden/128.jpg"},{"id":2,"email":"janet.weaver@reqres.in","first_name":"Janet","last_name":"Weaver","avatar":"https://s3.amazonaws.com/uifaces/faces/twitter/josephstein/128.jpg"},{"id":3,"email":"emma.wong@reqres.in","first_name":"Emma","last_name":"Wong","avatar":"https://s3.amazonaws.com/uifaces/faces/twitter/olegpogodaev/128.jpg"},{"id":4,"email":"eve.holt@reqres.in","first_name":"Eve","last_name":"Holt","avatar":"https://s3.amazonaws.com/uifaces/faces/twitter/marcoramires/128.jpg"},{"id":5,"email":"charles.morris@reqres.in","first_name":"Charles","last_name":"Morris","avatar":"https://s3.amazonaws.com/uifaces/faces/twitter/stephenmoon/128.jpg"},{"id":6,"email":"tracey.ramos@reqres.in","first_name":"Tracey","last_name":"Ramos","avatar":"https://s3.amazonaws.com/uifaces/faces/twitter/bigmancho/128.jpg"}],"ad":{"company":"StatusCode Weekly","url":"http://statuscode.org/","text":"A weekly newsletter focusing on software development, infrastructure, the server, performance, and the stack end of things."}}

17:12:17.718 request:
2 > GET https://reqres.in/api/users?page=2
2 > Accept-Encoding: gzip,deflate
2 > Connection: Keep-Alive
2 > Cookie: __cfduid=daf9d199e4bc416361cb999951ca0a2701598442126
2 > Host: reqres.in
2 > User-Agent: Apache-HttpClient/4.5.12 (Java/1.8.0_261)

17:12:18.071 response time in milliseconds: 349.41
2 < 200
2 < Access-Control-Allow-Origin: *
2 < Age: 5028
2 < CF-Cache-Status: HIT
2 < CF-RAY: 5c8d499beecdd1f3-HKG
2 < Cache-Control: max-age=14400
2 < Connection: keep-alive
2 < Content-Type: application/json; charset=utf-8
2 < Date: Wed, 26 Aug 2020 11:42:06 GMT
2 < Etag: W/"4dd-IPv5LdOOb6s5S9E3i59wBCJ1k/0"
2 < Expect-CT: max-age=604800, report-uri="https://report-uri.cloudflare.com/cdn-cgi/beacon/expect-ct"
2 < Server: cloudflare
2 < Transfer-Encoding: chunked
2 < Vary: Accept-Encoding
2 < Via: 1.1 vegur
2 < X-Powered-By: Express
2 < cf-request-id: 04cc2c55720000d1f374243200000001
{"page":2,"per_page":6,"total":12,"total_pages":2,"data":[{"id":7,"email":"michael.lawson@reqres.in","first_name":"Michael","last_name":"Lawson","avatar":"https://s3.amazonaws.com/uifaces/faces/twitter/follettkyle/128.jpg"},{"id":8,"email":"lindsay.ferguson@reqres.in","first_name":"Lindsay","last_name":"Ferguson","avatar":"https://s3.amazonaws.com/uifaces/faces/twitter/araa3185/128.jpg"},{"id":9,"email":"tobias.funke@reqres.in","first_name":"Tobias","last_name":"Funke","avatar":"https://s3.amazonaws.com/uifaces/faces/twitter/vivekprvr/128.jpg"},{"id":10,"email":"byron.fields@reqres.in","first_name":"Byron","last_name":"Fields","avatar":"https://s3.amazonaws.com/uifaces/faces/twitter/russoedu/128.jpg"},{"id":11,"email":"george.edwards@reqres.in","first_name":"George","last_name":"Edwards","avatar":"https://s3.amazonaws.com/uifaces/faces/twitter/mrmoiree/128.jpg"},{"id":12,"email":"rachel.howell@reqres.in","first_name":"Rachel","last_name":"Howell","avatar":"https://s3.amazonaws.com/uifaces/faces/twitter/hebertialmeida/128.jpg"}],"ad":{"company":"StatusCode Weekly","url":"http://statuscode.org/","text":"A weekly newsletter focusing on software development, infrastructure, the server, performance, and the stack end of things."}}

17:12:18.091 [print] undefined {"last_name":"Funke","id":9,"avatar":"https:\/\/s3.amazonaws.com\/uifaces\/faces\/twitter\/vivekprvr\/128.jpg","first_name":"Tobias","email":"tobias.funke@reqres.in"}
17:12:18.097 skipping bootstrap configuration: could not find or read file: classpath:karate-config.js
17:12:18.098 request:
1 > GET https://reqres.in/api/users
1 > Accept-Encoding: gzip,deflate
1 > Connection: Keep-Alive
1 > Host: reqres.in
1 > User-Agent: Apache-HttpClient/4.5.12 (Java/1.8.0_261)

17:12:18.456 response time in milliseconds: 356.26
1 < 200
1 < Access-Control-Allow-Origin: *
1 < Age: 7109
1 < CF-Cache-Status: HIT
1 < CF-RAY: 5c8d499e5f36d1bf-HKG
1 < Cache-Control: max-age=14400
1 < Connection: keep-alive
1 < Content-Type: application/json; charset=utf-8
1 < Date: Wed, 26 Aug 2020 11:42:07 GMT
1 < Etag: W/"4c5-znzuruTKwnH4068T7ikF88YcCME"
1 < Expect-CT: max-age=604800, report-uri="https://report-uri.cloudflare.com/cdn-cgi/beacon/expect-ct"
1 < Server: cloudflare
1 < Set-Cookie: __cfduid=d5d1c5d2664b852095bc368a19447dc5d1598442127; expires=Fri, 25-Sep-20 11:42:07 GMT; path=/; domain=.reqres.in; HttpOnly; SameSite=Lax; Secure
1 < Transfer-Encoding: chunked
1 < Vary: Accept-Encoding
1 < Via: 1.1 vegur
1 < X-Powered-By: Express
1 < cf-request-id: 04cc2c56f40000d1bf0b903200000001
{"page":1,"per_page":6,"total":12,"total_pages":2,"data":[{"id":1,"email":"george.bluth@reqres.in","first_name":"George","last_name":"Bluth","avatar":"https://s3.amazonaws.com/uifaces/faces/twitter/calebogden/128.jpg"},{"id":2,"email":"janet.weaver@reqres.in","first_name":"Janet","last_name":"Weaver","avatar":"https://s3.amazonaws.com/uifaces/faces/twitter/josephstein/128.jpg"},{"id":3,"email":"emma.wong@reqres.in","first_name":"Emma","last_name":"Wong","avatar":"https://s3.amazonaws.com/uifaces/faces/twitter/olegpogodaev/128.jpg"},{"id":4,"email":"eve.holt@reqres.in","first_name":"Eve","last_name":"Holt","avatar":"https://s3.amazonaws.com/uifaces/faces/twitter/marcoramires/128.jpg"},{"id":5,"email":"charles.morris@reqres.in","first_name":"Charles","last_name":"Morris","avatar":"https://s3.amazonaws.com/uifaces/faces/twitter/stephenmoon/128.jpg"},{"id":6,"email":"tracey.ramos@reqres.in","first_name":"Tracey","last_name":"Ramos","avatar":"https://s3.amazonaws.com/uifaces/faces/twitter/bigmancho/128.jpg"}],"ad":{"company":"StatusCode Weekly","url":"http://statuscode.org/","text":"A weekly newsletter focusing on software development, infrastructure, the server, performance, and the stack end of things."}}

17:12:18.464 request:
2 > GET https://reqres.in/api/users?page=2
2 > Accept-Encoding: gzip,deflate
2 > Connection: Keep-Alive
2 > Cookie: __cfduid=d5d1c5d2664b852095bc368a19447dc5d1598442127
2 > Host: reqres.in
2 > User-Agent: Apache-HttpClient/4.5.12 (Java/1.8.0_261)

17:12:18.822 response time in milliseconds: 356.28
2 < 200
2 < Access-Control-Allow-Origin: *
2 < Age: 5029
2 < CF-Cache-Status: HIT
2 < CF-RAY: 5c8d49a0abbc2428-HKG
2 < Cache-Control: max-age=14400
2 < Connection: keep-alive
2 < Content-Type: application/json; charset=utf-8
2 < Date: Wed, 26 Aug 2020 11:42:07 GMT
2 < Etag: W/"4dd-IPv5LdOOb6s5S9E3i59wBCJ1k/0"
2 < Expect-CT: max-age=604800, report-uri="https://report-uri.cloudflare.com/cdn-cgi/beacon/expect-ct"
2 < Server: cloudflare
2 < Transfer-Encoding: chunked
2 < Vary: Accept-Encoding
2 < Via: 1.1 vegur
2 < X-Powered-By: Express
2 < cf-request-id: 04cc2c5866000024287d8fd200000001
{"page":2,"per_page":6,"total":12,"total_pages":2,"data":[{"id":7,"email":"michael.lawson@reqres.in","first_name":"Michael","last_name":"Lawson","avatar":"https://s3.amazonaws.com/uifaces/faces/twitter/follettkyle/128.jpg"},{"id":8,"email":"lindsay.ferguson@reqres.in","first_name":"Lindsay","last_name":"Ferguson","avatar":"https://s3.amazonaws.com/uifaces/faces/twitter/araa3185/128.jpg"},{"id":9,"email":"tobias.funke@reqres.in","first_name":"Tobias","last_name":"Funke","avatar":"https://s3.amazonaws.com/uifaces/faces/twitter/vivekprvr/128.jpg"},{"id":10,"email":"byron.fields@reqres.in","first_name":"Byron","last_name":"Fields","avatar":"https://s3.amazonaws.com/uifaces/faces/twitter/russoedu/128.jpg"},{"id":11,"email":"george.edwards@reqres.in","first_name":"George","last_name":"Edwards","avatar":"https://s3.amazonaws.com/uifaces/faces/twitter/mrmoiree/128.jpg"},{"id":12,"email":"rachel.howell@reqres.in","first_name":"Rachel","last_name":"Howell","avatar":"https://s3.amazonaws.com/uifaces/faces/twitter/hebertialmeida/128.jpg"}],"ad":{"company":"StatusCode Weekly","url":"http://statuscode.org/","text":"A weekly newsletter focusing on software development, infrastructure, the server, performance, and the stack end of things."}}

17:12:18.849 [print] {"last_name":"Ramos","id":6,"avatar":"https:\/\/s3.amazonaws.com\/uifaces\/faces\/twitter\/bigmancho\/128.jpg","first_name":"Tracey","email":"tracey.ramos@reqres.in"} undefined
